<?xml version="1.0" encoding="UTF-8"?>
<!-- Generated by org.testng.reporters.JUnitReportReporter -->
<testsuite hostname="DESKTOP-B2J9EPK" failures="0" tests="12" name="com.datalink.test.TestClass" time="18.609" errors="0" timestamp="2023-07-25T21:18:59 IST" skipped="0">
  <testcase classname="com.datalink.test.TestClass" name="readUserData" time="2.853"/>
  <testcase classname="com.datalink.test.TestClass" name="AddToCart" time="1.150"/>
  <testcase classname="com.datalink.test.TestClass" name="CheckCart" time="1.812"/>
  <testcase classname="com.datalink.test.TestClass" name="Checkout" time="1.181"/>
  <testcase classname="com.datalink.test.TestClass" name="FirstName" time="1.358"/>
  <testcase classname="com.datalink.test.TestClass" name="LastName" time="1.503"/>
  <testcase classname="com.datalink.test.TestClass" name="ZipCode" time="1.444"/>
  <testcase classname="com.datalink.test.TestClass" name="Continue" time="1.526"/>
  <testcase classname="com.datalink.test.TestClass" name="Finish" time="1.174"/>
  <testcase classname="com.datalink.test.TestClass" name="BackToHome" time="1.660"/>
  <testcase classname="com.datalink.test.TestClass" name="MenuBtn" time="1.647"/>
  <testcase classname="com.datalink.test.TestClass" name="Logout" time="1.301"/>
</testsuite> <!-- com.datalink.test.TestClass -->
